********************************************************************************
DUPLICATOR-LITE PACKAGE-LOG: 2017-10-20 04:42:35
NOTICE: Do NOT post to public sites or forums 
********************************************************************************
VERSION:	1.2.26
WORDPRESS:	4.8.2
PHP INFO:	7.0.8 | SAPI: apache2handler
SERVER:		Apache/2.2.29 (Unix) mod_wsgi/3.5 Python/2.7.10 PHP/7.0.8 mod_ssl/2.2.29 OpenSSL/0.9.8zh DAV/2 mod_fastcgi/2.4.6 mod_perl/2.0.9 Perl/v5.22.0 
PHP TIME LIMIT: (0) no time limit imposed 
PHP MAX MEMORY: 2048M (128M default) 
MEMORY STACK: 14MB 

********************************************************************************
DATABASE:
********************************************************************************
BUILD MODE:   PHP(query limit - 100)
MYSQLTIMEOUT: 5000
MYSQLDUMP:    Not Supported 
TABLES: total:13 | filtered:0 | create:13 
FILTERED: [] 
SQL CREATED: 20170831_phd3_635b6cc0aa999e458203171020044228_database.sql 
SQL FILE SIZE: 23.68MB (24828742) 
SQL FILE TIME: 2017-10-20 04:42:36 
SQL RUNTIME: 0.83 sec. 

******************************************************************************** 
ARCHIVE (ZIP): 
******************************************************************************** 
ARCHIVE DIR:  /Applications/MAMP/htdocs/phd3 
ARCHIVE FILE: 20170831_phd3_635b6cc0aa999e458203171020044228_archive.zip 
FILTERS: *OFF* 
DIRS:
	not set 
FILES:
	not set 
EXTS:  not set 
---------------------------------------- 
COMPRESSING 
SIZE:	149.88MB 
STATS:	Dirs 319 | Files 3,294 
SQL ADDED: 20170831_phd3_635b6cc0aa999e458203171020044228_database.sql 
ZipArchive Object
(
    [status] => 0
    [statusSys] => 0
    [numFiles] => 3613
    [filename] => /Applications/MAMP/htdocs/phd3/wp-snapshots/tmp/20170831_phd3_635b6cc0aa999e458203171020044228_archive.zip
    [comment] => 
)
 
COMPRESSION RESULT: '1' 
COMPRESSED SIZE: 96.91MB 
ARCHIVE RUNTIME: 19.07 sec. 
MEMORY STACK: 20MB 

******************************************************************************** 
MAKE INSTALLER: 
******************************************************************************** 
Build Start 
Build Finished 
Preping for use 
PACK SIZE:  
Template parsed with new data 
Complete [/Applications/MAMP/htdocs/phd3/wp-snapshots/tmp/20170831_phd3_635b6cc0aa999e458203171020044228_installer.php] 
Added to archive 

******************************************************************************** 
INTEGRITY CHECKS: 
******************************************************************************** 
SQL File: 23.68MB 
Installer File: 438.29KB 
Archive File: 96.91MB  

********************************************************************************
RECORD ID:[2]
TOTAL PROCESS RUNTIME: 20.49 sec.
PEAK PHP MEMORY USED: 24.8MB
DONE PROCESSING => 20170831_phd3 2017-10-20 04:42:55
 
